[2019-01-08 13:29:29] - (/opt/lampp/htdocs/pump_master/send_photos.php, 101) - Response100 
[2019-01-08 21:41:07] - (/opt/lampp/htdocs/pump_master/send_photos.php, 110) - unlink(/opt/lampp/htdocs/pump_master/uploads/2019-01-08/gls3XIHUfP_start.jpeg): No such file or directory 
[2019-01-08 21:41:07] - (/opt/lampp/htdocs/pump_master/send_photos.php, 110) - unlink(/opt/lampp/htdocs/pump_master/uploads/2019-01-08/gls3XIHUfP_start_top.jpeg): No such file or directory 
[2019-01-08 21:41:07] - (/opt/lampp/htdocs/pump_master/send_photos.php, 110) - unlink(/opt/lampp/htdocs/pump_master/uploads/2019-01-08/gls3XIHUfP_stop.jpeg): No such file or directory 
[2019-01-08 21:41:07] - (/opt/lampp/htdocs/pump_master/send_photos.php, 110) - unlink(/opt/lampp/htdocs/pump_master/uploads/2019-01-08/gls3XIHUfP_stop_top.jpeg): No such file or directory 
[2019-01-09 09:57:09] - (/opt/lampp/htdocs/pump_master/send_photos.php, 101) - Response100 
[2019-01-09 10:03:04] - (/opt/lampp/htdocs/pump_master/send_photos.php, 101) - Response100 
[2019-01-09 12:02:24] - (/opt/lampp/htdocs/pump_master/send_photos.php, 110) - unlink(/opt/lampp/htdocs/pump_master/uploads/2019-01-09/7mSTk84QLk_start.jpeg): No such file or directory 
[2019-01-09 12:02:24] - (/opt/lampp/htdocs/pump_master/send_photos.php, 110) - unlink(/opt/lampp/htdocs/pump_master/uploads/2019-01-09/7mSTk84QLk_start_top.jpeg): No such file or directory 
[2019-01-09 12:02:24] - (/opt/lampp/htdocs/pump_master/send_photos.php, 110) - unlink(/opt/lampp/htdocs/pump_master/uploads/2019-01-09/7mSTk84QLk_stop.jpeg): No such file or directory 
[2019-01-09 12:02:24] - (/opt/lampp/htdocs/pump_master/send_photos.php, 110) - unlink(/opt/lampp/htdocs/pump_master/uploads/2019-01-09/7mSTk84QLk_stop_top.jpeg): No such file or directory 
[2019-01-09 13:12:37] - (/opt/lampp/htdocs/pump_master/send_photos.php, 110) - unlink(/opt/lampp/htdocs/pump_master/uploads/2019-01-09/O8PtfwDzYt_start.jpeg): No such file or directory 
[2019-01-09 13:12:37] - (/opt/lampp/htdocs/pump_master/send_photos.php, 110) - unlink(/opt/lampp/htdocs/pump_master/uploads/2019-01-09/O8PtfwDzYt_start_top.jpeg): No such file or directory 
[2019-01-09 13:12:37] - (/opt/lampp/htdocs/pump_master/send_photos.php, 110) - unlink(/opt/lampp/htdocs/pump_master/uploads/2019-01-09/O8PtfwDzYt_stop.jpeg): No such file or directory 
[2019-01-09 13:12:37] - (/opt/lampp/htdocs/pump_master/send_photos.php, 110) - unlink(/opt/lampp/htdocs/pump_master/uploads/2019-01-09/O8PtfwDzYt_stop_top.jpeg): No such file or directory 
[2019-01-09 14:38:43] - (/opt/lampp/htdocs/pump_master/send_photos.php, 101) - Response100 
[2019-01-09 21:12:03] - (/opt/lampp/htdocs/pump_master/send_photos.php, 46) - mime_content_type(/opt/lampp/htdocs/pump_master/uploads/2019-01-09/fByknKrpzX_stop_top.jpeg): failed to open stream: No such file or directory 
[2019-01-09 21:12:03] - (/opt/lampp/htdocs/pump_master/send_photos.php, 101) - Response0 
[2019-01-10 08:04:04] - (/opt/lampp/htdocs/pump_master/send_photos.php, 101) - Response100 
[2019-01-10 12:59:28] - (/opt/lampp/htdocs/pump_master/send_photos.php, 110) - unlink(/opt/lampp/htdocs/pump_master/uploads/2019-01-10/hXVk6gdEHM_start.jpeg): No such file or directory 
[2019-01-10 12:59:28] - (/opt/lampp/htdocs/pump_master/send_photos.php, 110) - unlink(/opt/lampp/htdocs/pump_master/uploads/2019-01-10/hXVk6gdEHM_start_top.jpeg): No such file or directory 
[2019-01-10 12:59:28] - (/opt/lampp/htdocs/pump_master/send_photos.php, 110) - unlink(/opt/lampp/htdocs/pump_master/uploads/2019-01-10/hXVk6gdEHM_stop.jpeg): No such file or directory 
[2019-01-10 12:59:28] - (/opt/lampp/htdocs/pump_master/send_photos.php, 110) - unlink(/opt/lampp/htdocs/pump_master/uploads/2019-01-10/hXVk6gdEHM_stop_top.jpeg): No such file or directory 
[2019-01-10 12:59:28] - (/opt/lampp/htdocs/pump_master/send_photos.php, 110) - unlink(/opt/lampp/htdocs/pump_master/uploads/2019-01-10/vnjc7vkptf_start.jpeg): No such file or directory 
[2019-01-10 12:59:28] - (/opt/lampp/htdocs/pump_master/send_photos.php, 110) - unlink(/opt/lampp/htdocs/pump_master/uploads/2019-01-10/vnjc7vkptf_start_top.jpeg): No such file or directory 
[2019-01-10 13:57:05] - (/opt/lampp/htdocs/pump_master/send_photos.php, 101) - Response100 
[2019-01-10 22:30:49] - (/opt/lampp/htdocs/pump_master/send_photos.php, 62) - filemtime(): stat failed for /opt/lampp/htdocs/pump_master/uploads/2019-01-10/FLLun5CAS0_start.jpeg 
[2019-01-11 09:20:07] - (/opt/lampp/htdocs/pump_master/send_photos.php, 101) - Response100 
[2019-01-11 12:03:08] - (/opt/lampp/htdocs/pump_master/send_photos.php, 110) - unlink(/opt/lampp/htdocs/pump_master/uploads/2019-01-11/ExImBedhdz_start.jpeg): No such file or directory 
[2019-01-11 12:03:08] - (/opt/lampp/htdocs/pump_master/send_photos.php, 110) - unlink(/opt/lampp/htdocs/pump_master/uploads/2019-01-11/ExImBedhdz_start_top.jpeg): No such file or directory 
[2019-01-11 12:03:08] - (/opt/lampp/htdocs/pump_master/send_photos.php, 110) - unlink(/opt/lampp/htdocs/pump_master/uploads/2019-01-11/ExImBedhdz_stop.jpeg): No such file or directory 
[2019-01-11 12:03:08] - (/opt/lampp/htdocs/pump_master/send_photos.php, 110) - unlink(/opt/lampp/htdocs/pump_master/uploads/2019-01-11/ExImBedhdz_stop_top.jpeg): No such file or directory 
[2019-01-11 21:20:07] - (/opt/lampp/htdocs/pump_master/send_photos.php, 110) - unlink(/opt/lampp/htdocs/pump_master/uploads/2019-01-11/dUyZKNOu18_start.jpeg): No such file or directory 
[2019-01-11 21:20:07] - (/opt/lampp/htdocs/pump_master/send_photos.php, 110) - unlink(/opt/lampp/htdocs/pump_master/uploads/2019-01-11/dUyZKNOu18_start_top.jpeg): No such file or directory 
[2019-01-11 21:20:07] - (/opt/lampp/htdocs/pump_master/send_photos.php, 110) - unlink(/opt/lampp/htdocs/pump_master/uploads/2019-01-11/dUyZKNOu18_stop.jpeg): No such file or directory 
[2019-01-11 21:20:07] - (/opt/lampp/htdocs/pump_master/send_photos.php, 110) - unlink(/opt/lampp/htdocs/pump_master/uploads/2019-01-11/dUyZKNOu18_stop_top.jpeg): No such file or directory 
[2019-01-12 12:53:13] - (/opt/lampp/htdocs/pump_master/send_photos.php, 110) - unlink(/opt/lampp/htdocs/pump_master/uploads/2019-01-12/uvgY363B9E_start.jpeg): No such file or directory 
[2019-01-12 12:53:13] - (/opt/lampp/htdocs/pump_master/send_photos.php, 110) - unlink(/opt/lampp/htdocs/pump_master/uploads/2019-01-12/uvgY363B9E_start_top.jpeg): No such file or directory 
[2019-01-12 12:53:13] - (/opt/lampp/htdocs/pump_master/send_photos.php, 110) - unlink(/opt/lampp/htdocs/pump_master/uploads/2019-01-12/uvgY363B9E_stop.jpeg): No such file or directory 
[2019-01-12 12:53:13] - (/opt/lampp/htdocs/pump_master/send_photos.php, 110) - unlink(/opt/lampp/htdocs/pump_master/uploads/2019-01-12/uvgY363B9E_stop_top.jpeg): No such file or directory 
[2019-01-12 18:54:19] - (/opt/lampp/htdocs/pump_master/send_photos.php, 62) - filemtime(): stat failed for /opt/lampp/htdocs/pump_master/uploads/2019-01-12/UnhhkPMeoH_start.jpeg 
[2019-01-12 21:34:57] - (/opt/lampp/htdocs/pump_master/send_photos.php, 62) - filemtime(): stat failed for /opt/lampp/htdocs/pump_master/uploads/2019-01-12/banTBs0XE6_start.jpeg 
[2019-01-13 21:01:11] - (/opt/lampp/htdocs/pump_master/send_photos.php, 62) - filemtime(): stat failed for /opt/lampp/htdocs/pump_master/uploads/2019-01-13/4fu6t3Exl8_start.jpeg 
