[2018-11-05 20:03:47] - (/opt/lampp/htdocs/pump_master/sync_check.php, 79) - mysqli_query() expects parameter 1 to be mysqli, boolean given 
[2018-11-05 20:03:47] - (/opt/lampp/htdocs/pump_master/sync_check.php, 80) - mysqli_fetch_assoc() expects parameter 1 to be mysqli_result, null given 
[2018-11-05 20:03:48] - (/opt/lampp/htdocs/pump_master/sync_check.php, 288) - mysqli_query() expects parameter 1 to be mysqli, boolean given 
[2018-11-05 20:03:48] - (/opt/lampp/htdocs/pump_master/sync_check.php, 315) - mysqli_query() expects parameter 1 to be mysqli, boolean given 
[2018-11-05 20:03:48] - (/opt/lampp/htdocs/pump_master/sync_check.php, 316) - mysqli_fetch_assoc() expects parameter 1 to be mysqli_result, null given 
[2018-11-05 20:03:48] - (/opt/lampp/htdocs/pump_master/sync_check.php, 321) - mysqli_query() expects parameter 1 to be mysqli, boolean given 
[2018-11-05 20:03:48] - (/opt/lampp/htdocs/pump_master/sync_check.php, 79) - mysqli_query() expects parameter 1 to be mysqli, boolean given 
[2018-11-05 20:03:48] - (/opt/lampp/htdocs/pump_master/sync_check.php, 80) - mysqli_fetch_assoc() expects parameter 1 to be mysqli_result, null given 
[2018-11-05 20:03:49] - (/opt/lampp/htdocs/pump_master/sync_check.php, 288) - mysqli_query() expects parameter 1 to be mysqli, boolean given 
[2018-11-05 20:03:49] - (/opt/lampp/htdocs/pump_master/sync_check.php, 315) - mysqli_query() expects parameter 1 to be mysqli, boolean given 
[2018-11-05 20:03:49] - (/opt/lampp/htdocs/pump_master/sync_check.php, 316) - mysqli_fetch_assoc() expects parameter 1 to be mysqli_result, null given 
[2018-11-05 20:03:49] - (/opt/lampp/htdocs/pump_master/sync_check.php, 321) - mysqli_query() expects parameter 1 to be mysqli, boolean given 
[2018-11-05 20:03:49] - (/opt/lampp/htdocs/pump_master/sync_check.php, 79) - mysqli_query() expects parameter 1 to be mysqli, boolean given 
[2018-11-05 20:03:49] - (/opt/lampp/htdocs/pump_master/sync_check.php, 80) - mysqli_fetch_assoc() expects parameter 1 to be mysqli_result, null given 
[2018-11-05 20:03:50] - (/opt/lampp/htdocs/pump_master/sync_check.php, 288) - mysqli_query() expects parameter 1 to be mysqli, boolean given 
[2018-11-05 20:03:50] - (/opt/lampp/htdocs/pump_master/sync_check.php, 315) - mysqli_query() expects parameter 1 to be mysqli, boolean given 
[2018-11-05 20:03:50] - (/opt/lampp/htdocs/pump_master/sync_check.php, 316) - mysqli_fetch_assoc() expects parameter 1 to be mysqli_result, null given 
[2018-11-05 20:03:50] - (/opt/lampp/htdocs/pump_master/sync_check.php, 321) - mysqli_query() expects parameter 1 to be mysqli, boolean given 
[2018-11-05 20:03:50] - (/opt/lampp/htdocs/pump_master/sync_check.php, 79) - mysqli_query() expects parameter 1 to be mysqli, boolean given 
[2018-11-05 20:03:50] - (/opt/lampp/htdocs/pump_master/sync_check.php, 80) - mysqli_fetch_assoc() expects parameter 1 to be mysqli_result, null given 
[2018-11-05 20:03:50] - (/opt/lampp/htdocs/pump_master/sync_check.php, 182) - mysqli_query() expects parameter 1 to be mysqli, boolean given 
[2018-11-05 20:03:50] - (/opt/lampp/htdocs/pump_master/sync_check.php, 185) - mysqli_query() expects parameter 1 to be mysqli, boolean given 
[2018-11-05 20:03:50] - (/opt/lampp/htdocs/pump_master/sync_check.php, 79) - mysqli_query() expects parameter 1 to be mysqli, boolean given 
[2018-11-05 20:03:50] - (/opt/lampp/htdocs/pump_master/sync_check.php, 80) - mysqli_fetch_assoc() expects parameter 1 to be mysqli_result, null given 
[2018-11-05 20:03:50] - (/opt/lampp/htdocs/pump_master/sync_check.php, 94) - mysqli_query() expects parameter 1 to be mysqli, boolean given 
[2018-11-05 20:03:50] - (/opt/lampp/htdocs/pump_master/sync_check.php, 336) - mysqli_query() expects parameter 1 to be mysqli, boolean given 
[2018-11-05 20:03:50] - (/opt/lampp/htdocs/pump_master/sync_check.php, 338) - mysqli_num_rows() expects parameter 1 to be mysqli_result, null given 
[2018-11-05 20:03:50] - (/opt/lampp/htdocs/pump_master/sync_check.php, 395) - mysqli_query() expects parameter 1 to be mysqli, boolean given 
[2018-11-05 20:03:50] - (/opt/lampp/htdocs/pump_master/sync_check.php, 396) - mysqli_num_rows() expects parameter 1 to be mysqli_result, null given 
[2018-11-05 20:03:54] - (/opt/lampp/htdocs/pump_master/sync_check.php, 79) - mysqli_query() expects parameter 1 to be mysqli, boolean given 
[2018-11-05 20:03:54] - (/opt/lampp/htdocs/pump_master/sync_check.php, 80) - mysqli_fetch_assoc() expects parameter 1 to be mysqli_result, null given 
[2018-11-05 20:03:54] - (/opt/lampp/htdocs/pump_master/sync_check.php, 288) - mysqli_query() expects parameter 1 to be mysqli, boolean given 
[2018-11-05 20:03:54] - (/opt/lampp/htdocs/pump_master/sync_check.php, 315) - mysqli_query() expects parameter 1 to be mysqli, boolean given 
[2018-11-05 20:03:54] - (/opt/lampp/htdocs/pump_master/sync_check.php, 316) - mysqli_fetch_assoc() expects parameter 1 to be mysqli_result, null given 
[2018-11-05 20:03:54] - (/opt/lampp/htdocs/pump_master/sync_check.php, 321) - mysqli_query() expects parameter 1 to be mysqli, boolean given 
[2018-11-05 20:03:54] - (/opt/lampp/htdocs/pump_master/sync_check.php, 79) - mysqli_query() expects parameter 1 to be mysqli, boolean given 
[2018-11-05 20:03:54] - (/opt/lampp/htdocs/pump_master/sync_check.php, 80) - mysqli_fetch_assoc() expects parameter 1 to be mysqli_result, null given 
[2018-11-05 20:03:55] - (/opt/lampp/htdocs/pump_master/sync_check.php, 288) - mysqli_query() expects parameter 1 to be mysqli, boolean given 
[2018-11-05 20:03:57] - (/opt/lampp/htdocs/pump_master/sync_check.php, 315) - mysqli_query() expects parameter 1 to be mysqli, boolean given 
[2018-11-05 20:03:57] - (/opt/lampp/htdocs/pump_master/sync_check.php, 316) - mysqli_fetch_assoc() expects parameter 1 to be mysqli_result, null given 
[2018-11-05 20:03:57] - (/opt/lampp/htdocs/pump_master/sync_check.php, 321) - mysqli_query() expects parameter 1 to be mysqli, boolean given 
[2018-11-05 20:03:57] - (/opt/lampp/htdocs/pump_master/sync_check.php, 79) - mysqli_query() expects parameter 1 to be mysqli, boolean given 
[2018-11-05 20:03:57] - (/opt/lampp/htdocs/pump_master/sync_check.php, 80) - mysqli_fetch_assoc() expects parameter 1 to be mysqli_result, null given 
[2018-11-05 20:03:57] - (/opt/lampp/htdocs/pump_master/sync_check.php, 288) - mysqli_query() expects parameter 1 to be mysqli, boolean given 
[2018-11-05 20:03:58] - (/opt/lampp/htdocs/pump_master/sync_check.php, 315) - mysqli_query() expects parameter 1 to be mysqli, boolean given 
[2018-11-05 20:03:58] - (/opt/lampp/htdocs/pump_master/sync_check.php, 316) - mysqli_fetch_assoc() expects parameter 1 to be mysqli_result, null given 
[2018-11-05 20:03:58] - (/opt/lampp/htdocs/pump_master/sync_check.php, 321) - mysqli_query() expects parameter 1 to be mysqli, boolean given 
[2018-11-05 20:03:58] - (/opt/lampp/htdocs/pump_master/sync_check.php, 79) - mysqli_query() expects parameter 1 to be mysqli, boolean given 
[2018-11-05 20:03:58] - (/opt/lampp/htdocs/pump_master/sync_check.php, 80) - mysqli_fetch_assoc() expects parameter 1 to be mysqli_result, null given 
[2018-11-05 20:03:58] - (/opt/lampp/htdocs/pump_master/sync_check.php, 182) - mysqli_query() expects parameter 1 to be mysqli, boolean given 
[2018-11-05 20:03:58] - (/opt/lampp/htdocs/pump_master/sync_check.php, 185) - mysqli_query() expects parameter 1 to be mysqli, boolean given 
[2018-11-05 20:03:58] - (/opt/lampp/htdocs/pump_master/sync_check.php, 79) - mysqli_query() expects parameter 1 to be mysqli, boolean given 
[2018-11-05 20:03:58] - (/opt/lampp/htdocs/pump_master/sync_check.php, 80) - mysqli_fetch_assoc() expects parameter 1 to be mysqli_result, null given 
[2018-11-05 20:03:58] - (/opt/lampp/htdocs/pump_master/sync_check.php, 94) - mysqli_query() expects parameter 1 to be mysqli, boolean given 
[2018-11-05 20:03:58] - (/opt/lampp/htdocs/pump_master/sync_check.php, 336) - mysqli_query() expects parameter 1 to be mysqli, boolean given 
[2018-11-05 20:03:58] - (/opt/lampp/htdocs/pump_master/sync_check.php, 338) - mysqli_num_rows() expects parameter 1 to be mysqli_result, null given 
[2018-11-05 20:03:58] - (/opt/lampp/htdocs/pump_master/sync_check.php, 395) - mysqli_query() expects parameter 1 to be mysqli, boolean given 
[2018-11-05 20:03:58] - (/opt/lampp/htdocs/pump_master/sync_check.php, 396) - mysqli_num_rows() expects parameter 1 to be mysqli_result, null given 
[2018-11-05 20:13:16] - (/opt/lampp/htdocs/pump_master/sync_check.php, 79) - mysqli_query() expects parameter 1 to be mysqli, boolean given 
[2018-11-05 20:13:16] - (/opt/lampp/htdocs/pump_master/sync_check.php, 80) - mysqli_fetch_assoc() expects parameter 1 to be mysqli_result, null given 
[2018-11-05 20:13:17] - (/opt/lampp/htdocs/pump_master/sync_check.php, 288) - mysqli_query() expects parameter 1 to be mysqli, boolean given 
[2018-11-05 20:13:18] - (/opt/lampp/htdocs/pump_master/sync_check.php, 315) - mysqli_query() expects parameter 1 to be mysqli, boolean given 
[2018-11-05 20:13:18] - (/opt/lampp/htdocs/pump_master/sync_check.php, 316) - mysqli_fetch_assoc() expects parameter 1 to be mysqli_result, null given 
[2018-11-05 20:13:18] - (/opt/lampp/htdocs/pump_master/sync_check.php, 321) - mysqli_query() expects parameter 1 to be mysqli, boolean given 
[2018-11-05 20:13:18] - (/opt/lampp/htdocs/pump_master/sync_check.php, 79) - mysqli_query() expects parameter 1 to be mysqli, boolean given 
[2018-11-05 20:13:18] - (/opt/lampp/htdocs/pump_master/sync_check.php, 80) - mysqli_fetch_assoc() expects parameter 1 to be mysqli_result, null given 
[2018-11-05 20:13:19] - (/opt/lampp/htdocs/pump_master/sync_check.php, 288) - mysqli_query() expects parameter 1 to be mysqli, boolean given 
[2018-11-05 20:13:19] - (/opt/lampp/htdocs/pump_master/sync_check.php, 315) - mysqli_query() expects parameter 1 to be mysqli, boolean given 
[2018-11-05 20:13:19] - (/opt/lampp/htdocs/pump_master/sync_check.php, 316) - mysqli_fetch_assoc() expects parameter 1 to be mysqli_result, null given 
[2018-11-05 20:13:19] - (/opt/lampp/htdocs/pump_master/sync_check.php, 321) - mysqli_query() expects parameter 1 to be mysqli, boolean given 
[2018-11-05 20:13:19] - (/opt/lampp/htdocs/pump_master/sync_check.php, 79) - mysqli_query() expects parameter 1 to be mysqli, boolean given 
[2018-11-05 20:13:19] - (/opt/lampp/htdocs/pump_master/sync_check.php, 80) - mysqli_fetch_assoc() expects parameter 1 to be mysqli_result, null given 
[2018-11-05 20:13:20] - (/opt/lampp/htdocs/pump_master/sync_check.php, 288) - mysqli_query() expects parameter 1 to be mysqli, boolean given 
[2018-11-05 20:13:20] - (/opt/lampp/htdocs/pump_master/sync_check.php, 315) - mysqli_query() expects parameter 1 to be mysqli, boolean given 
[2018-11-05 20:13:20] - (/opt/lampp/htdocs/pump_master/sync_check.php, 316) - mysqli_fetch_assoc() expects parameter 1 to be mysqli_result, null given 
[2018-11-05 20:13:20] - (/opt/lampp/htdocs/pump_master/sync_check.php, 321) - mysqli_query() expects parameter 1 to be mysqli, boolean given 
[2018-11-05 20:13:20] - (/opt/lampp/htdocs/pump_master/sync_check.php, 79) - mysqli_query() expects parameter 1 to be mysqli, boolean given 
[2018-11-05 20:13:20] - (/opt/lampp/htdocs/pump_master/sync_check.php, 80) - mysqli_fetch_assoc() expects parameter 1 to be mysqli_result, null given 
[2018-11-05 20:13:20] - (/opt/lampp/htdocs/pump_master/sync_check.php, 182) - mysqli_query() expects parameter 1 to be mysqli, boolean given 
[2018-11-05 20:13:20] - (/opt/lampp/htdocs/pump_master/sync_check.php, 185) - mysqli_query() expects parameter 1 to be mysqli, boolean given 
[2018-11-05 20:13:20] - (/opt/lampp/htdocs/pump_master/sync_check.php, 79) - mysqli_query() expects parameter 1 to be mysqli, boolean given 
[2018-11-05 20:13:20] - (/opt/lampp/htdocs/pump_master/sync_check.php, 80) - mysqli_fetch_assoc() expects parameter 1 to be mysqli_result, null given 
[2018-11-05 20:13:20] - (/opt/lampp/htdocs/pump_master/sync_check.php, 94) - mysqli_query() expects parameter 1 to be mysqli, boolean given 
[2018-11-05 20:13:20] - (/opt/lampp/htdocs/pump_master/sync_check.php, 336) - mysqli_query() expects parameter 1 to be mysqli, boolean given 
[2018-11-05 20:13:20] - (/opt/lampp/htdocs/pump_master/sync_check.php, 338) - mysqli_num_rows() expects parameter 1 to be mysqli_result, null given 
[2018-11-05 20:13:20] - (/opt/lampp/htdocs/pump_master/sync_check.php, 395) - mysqli_query() expects parameter 1 to be mysqli, boolean given 
[2018-11-05 20:13:20] - (/opt/lampp/htdocs/pump_master/sync_check.php, 396) - mysqli_num_rows() expects parameter 1 to be mysqli_result, null given 
[2018-11-05 20:13:24] - (/opt/lampp/htdocs/pump_master/sync_check.php, 79) - mysqli_query() expects parameter 1 to be mysqli, boolean given 
[2018-11-05 20:13:24] - (/opt/lampp/htdocs/pump_master/sync_check.php, 80) - mysqli_fetch_assoc() expects parameter 1 to be mysqli_result, null given 
[2018-11-05 20:13:24] - (/opt/lampp/htdocs/pump_master/sync_check.php, 288) - mysqli_query() expects parameter 1 to be mysqli, boolean given 
[2018-11-05 20:13:24] - (/opt/lampp/htdocs/pump_master/sync_check.php, 315) - mysqli_query() expects parameter 1 to be mysqli, boolean given 
[2018-11-05 20:13:24] - (/opt/lampp/htdocs/pump_master/sync_check.php, 316) - mysqli_fetch_assoc() expects parameter 1 to be mysqli_result, null given 
[2018-11-05 20:13:24] - (/opt/lampp/htdocs/pump_master/sync_check.php, 321) - mysqli_query() expects parameter 1 to be mysqli, boolean given 
[2018-11-05 20:13:25] - (/opt/lampp/htdocs/pump_master/sync_check.php, 79) - mysqli_query() expects parameter 1 to be mysqli, boolean given 
[2018-11-05 20:13:25] - (/opt/lampp/htdocs/pump_master/sync_check.php, 80) - mysqli_fetch_assoc() expects parameter 1 to be mysqli_result, null given 
[2018-11-05 20:13:28] - (/opt/lampp/htdocs/pump_master/sync_check.php, 288) - mysqli_query() expects parameter 1 to be mysqli, boolean given 
[2018-11-05 20:13:28] - (/opt/lampp/htdocs/pump_master/sync_check.php, 315) - mysqli_query() expects parameter 1 to be mysqli, boolean given 
[2018-11-05 20:13:28] - (/opt/lampp/htdocs/pump_master/sync_check.php, 316) - mysqli_fetch_assoc() expects parameter 1 to be mysqli_result, null given 
[2018-11-05 20:13:28] - (/opt/lampp/htdocs/pump_master/sync_check.php, 321) - mysqli_query() expects parameter 1 to be mysqli, boolean given 
[2018-11-05 20:13:28] - (/opt/lampp/htdocs/pump_master/sync_check.php, 79) - mysqli_query() expects parameter 1 to be mysqli, boolean given 
[2018-11-05 20:13:28] - (/opt/lampp/htdocs/pump_master/sync_check.php, 80) - mysqli_fetch_assoc() expects parameter 1 to be mysqli_result, null given 
[2018-11-05 20:13:29] - (/opt/lampp/htdocs/pump_master/sync_check.php, 288) - mysqli_query() expects parameter 1 to be mysqli, boolean given 
[2018-11-05 20:13:29] - (/opt/lampp/htdocs/pump_master/sync_check.php, 315) - mysqli_query() expects parameter 1 to be mysqli, boolean given 
[2018-11-05 20:13:29] - (/opt/lampp/htdocs/pump_master/sync_check.php, 316) - mysqli_fetch_assoc() expects parameter 1 to be mysqli_result, null given 
[2018-11-05 20:13:29] - (/opt/lampp/htdocs/pump_master/sync_check.php, 321) - mysqli_query() expects parameter 1 to be mysqli, boolean given 
[2018-11-05 20:13:29] - (/opt/lampp/htdocs/pump_master/sync_check.php, 79) - mysqli_query() expects parameter 1 to be mysqli, boolean given 
[2018-11-05 20:13:29] - (/opt/lampp/htdocs/pump_master/sync_check.php, 80) - mysqli_fetch_assoc() expects parameter 1 to be mysqli_result, null given 
[2018-11-05 20:13:30] - (/opt/lampp/htdocs/pump_master/sync_check.php, 182) - mysqli_query() expects parameter 1 to be mysqli, boolean given 
[2018-11-05 20:13:30] - (/opt/lampp/htdocs/pump_master/sync_check.php, 185) - mysqli_query() expects parameter 1 to be mysqli, boolean given 
[2018-11-05 20:13:30] - (/opt/lampp/htdocs/pump_master/sync_check.php, 79) - mysqli_query() expects parameter 1 to be mysqli, boolean given 
[2018-11-05 20:13:30] - (/opt/lampp/htdocs/pump_master/sync_check.php, 80) - mysqli_fetch_assoc() expects parameter 1 to be mysqli_result, null given 
[2018-11-05 20:13:30] - (/opt/lampp/htdocs/pump_master/sync_check.php, 94) - mysqli_query() expects parameter 1 to be mysqli, boolean given 
[2018-11-05 20:13:30] - (/opt/lampp/htdocs/pump_master/sync_check.php, 336) - mysqli_query() expects parameter 1 to be mysqli, boolean given 
[2018-11-05 20:13:30] - (/opt/lampp/htdocs/pump_master/sync_check.php, 338) - mysqli_num_rows() expects parameter 1 to be mysqli_result, null given 
[2018-11-05 20:13:30] - (/opt/lampp/htdocs/pump_master/sync_check.php, 395) - mysqli_query() expects parameter 1 to be mysqli, boolean given 
[2018-11-05 20:13:30] - (/opt/lampp/htdocs/pump_master/sync_check.php, 396) - mysqli_num_rows() expects parameter 1 to be mysqli_result, null given 
[2018-11-05 20:21:17] - (/opt/lampp/htdocs/pump_master/sync_check.php, 79) - mysqli_query() expects parameter 1 to be mysqli, boolean given 
[2018-11-05 20:21:18] - (/opt/lampp/htdocs/pump_master/sync_check.php, 80) - mysqli_fetch_assoc() expects parameter 1 to be mysqli_result, null given 
[2018-11-05 20:21:19] - (/opt/lampp/htdocs/pump_master/sync_check.php, 288) - mysqli_query() expects parameter 1 to be mysqli, boolean given 
[2018-11-05 20:21:22] - (/opt/lampp/htdocs/pump_master/sync_check.php, 315) - mysqli_query() expects parameter 1 to be mysqli, boolean given 
[2018-11-05 20:21:22] - (/opt/lampp/htdocs/pump_master/sync_check.php, 316) - mysqli_fetch_assoc() expects parameter 1 to be mysqli_result, null given 
[2018-11-05 20:21:22] - (/opt/lampp/htdocs/pump_master/sync_check.php, 321) - mysqli_query() expects parameter 1 to be mysqli, boolean given 
[2018-11-05 20:21:22] - (/opt/lampp/htdocs/pump_master/sync_check.php, 79) - mysqli_query() expects parameter 1 to be mysqli, boolean given 
[2018-11-05 20:21:22] - (/opt/lampp/htdocs/pump_master/sync_check.php, 80) - mysqli_fetch_assoc() expects parameter 1 to be mysqli_result, null given 
[2018-11-05 20:21:23] - (/opt/lampp/htdocs/pump_master/sync_check.php, 288) - mysqli_query() expects parameter 1 to be mysqli, boolean given 
[2018-11-05 20:21:23] - (/opt/lampp/htdocs/pump_master/sync_check.php, 315) - mysqli_query() expects parameter 1 to be mysqli, boolean given 
[2018-11-05 20:21:23] - (/opt/lampp/htdocs/pump_master/sync_check.php, 316) - mysqli_fetch_assoc() expects parameter 1 to be mysqli_result, null given 
[2018-11-05 20:21:23] - (/opt/lampp/htdocs/pump_master/sync_check.php, 321) - mysqli_query() expects parameter 1 to be mysqli, boolean given 
[2018-11-05 20:21:23] - (/opt/lampp/htdocs/pump_master/sync_check.php, 79) - mysqli_query() expects parameter 1 to be mysqli, boolean given 
[2018-11-05 20:21:23] - (/opt/lampp/htdocs/pump_master/sync_check.php, 80) - mysqli_fetch_assoc() expects parameter 1 to be mysqli_result, null given 
[2018-11-05 20:21:23] - (/opt/lampp/htdocs/pump_master/sync_check.php, 288) - mysqli_query() expects parameter 1 to be mysqli, boolean given 
[2018-11-05 20:21:23] - (/opt/lampp/htdocs/pump_master/sync_check.php, 315) - mysqli_query() expects parameter 1 to be mysqli, boolean given 
[2018-11-05 20:21:23] - (/opt/lampp/htdocs/pump_master/sync_check.php, 316) - mysqli_fetch_assoc() expects parameter 1 to be mysqli_result, null given 
[2018-11-05 20:21:23] - (/opt/lampp/htdocs/pump_master/sync_check.php, 321) - mysqli_query() expects parameter 1 to be mysqli, boolean given 
[2018-11-05 20:21:24] - (/opt/lampp/htdocs/pump_master/sync_check.php, 79) - mysqli_query() expects parameter 1 to be mysqli, boolean given 
[2018-11-05 20:21:24] - (/opt/lampp/htdocs/pump_master/sync_check.php, 80) - mysqli_fetch_assoc() expects parameter 1 to be mysqli_result, null given 
[2018-11-05 20:21:24] - (/opt/lampp/htdocs/pump_master/sync_check.php, 182) - mysqli_query() expects parameter 1 to be mysqli, boolean given 
[2018-11-05 20:21:24] - (/opt/lampp/htdocs/pump_master/sync_check.php, 185) - mysqli_query() expects parameter 1 to be mysqli, boolean given 
[2018-11-05 20:21:24] - (/opt/lampp/htdocs/pump_master/sync_check.php, 79) - mysqli_query() expects parameter 1 to be mysqli, boolean given 
[2018-11-05 20:21:24] - (/opt/lampp/htdocs/pump_master/sync_check.php, 80) - mysqli_fetch_assoc() expects parameter 1 to be mysqli_result, null given 
[2018-11-05 20:21:24] - (/opt/lampp/htdocs/pump_master/sync_check.php, 94) - mysqli_query() expects parameter 1 to be mysqli, boolean given 
[2018-11-05 20:21:24] - (/opt/lampp/htdocs/pump_master/sync_check.php, 336) - mysqli_query() expects parameter 1 to be mysqli, boolean given 
[2018-11-05 20:21:24] - (/opt/lampp/htdocs/pump_master/sync_check.php, 338) - mysqli_num_rows() expects parameter 1 to be mysqli_result, null given 
[2018-11-05 20:21:24] - (/opt/lampp/htdocs/pump_master/sync_check.php, 395) - mysqli_query() expects parameter 1 to be mysqli, boolean given 
[2018-11-05 20:21:24] - (/opt/lampp/htdocs/pump_master/sync_check.php, 396) - mysqli_num_rows() expects parameter 1 to be mysqli_result, null given 
[2018-11-05 20:21:28] - (/opt/lampp/htdocs/pump_master/sync_check.php, 79) - mysqli_query() expects parameter 1 to be mysqli, boolean given 
[2018-11-05 20:21:28] - (/opt/lampp/htdocs/pump_master/sync_check.php, 80) - mysqli_fetch_assoc() expects parameter 1 to be mysqli_result, null given 
[2018-11-05 20:21:28] - (/opt/lampp/htdocs/pump_master/sync_check.php, 288) - mysqli_query() expects parameter 1 to be mysqli, boolean given 
[2018-11-05 20:21:28] - (/opt/lampp/htdocs/pump_master/sync_check.php, 315) - mysqli_query() expects parameter 1 to be mysqli, boolean given 
[2018-11-05 20:21:28] - (/opt/lampp/htdocs/pump_master/sync_check.php, 316) - mysqli_fetch_assoc() expects parameter 1 to be mysqli_result, null given 
[2018-11-05 20:21:28] - (/opt/lampp/htdocs/pump_master/sync_check.php, 321) - mysqli_query() expects parameter 1 to be mysqli, boolean given 
[2018-11-05 20:21:28] - (/opt/lampp/htdocs/pump_master/sync_check.php, 79) - mysqli_query() expects parameter 1 to be mysqli, boolean given 
[2018-11-05 20:21:28] - (/opt/lampp/htdocs/pump_master/sync_check.php, 80) - mysqli_fetch_assoc() expects parameter 1 to be mysqli_result, null given 
[2018-11-05 20:21:29] - (/opt/lampp/htdocs/pump_master/sync_check.php, 288) - mysqli_query() expects parameter 1 to be mysqli, boolean given 
[2018-11-05 20:21:29] - (/opt/lampp/htdocs/pump_master/sync_check.php, 315) - mysqli_query() expects parameter 1 to be mysqli, boolean given 
[2018-11-05 20:21:29] - (/opt/lampp/htdocs/pump_master/sync_check.php, 316) - mysqli_fetch_assoc() expects parameter 1 to be mysqli_result, null given 
[2018-11-05 20:21:29] - (/opt/lampp/htdocs/pump_master/sync_check.php, 321) - mysqli_query() expects parameter 1 to be mysqli, boolean given 
[2018-11-05 20:21:30] - (/opt/lampp/htdocs/pump_master/sync_check.php, 79) - mysqli_query() expects parameter 1 to be mysqli, boolean given 
[2018-11-05 20:21:30] - (/opt/lampp/htdocs/pump_master/sync_check.php, 80) - mysqli_fetch_assoc() expects parameter 1 to be mysqli_result, null given 
[2018-11-05 20:21:30] - (/opt/lampp/htdocs/pump_master/sync_check.php, 288) - mysqli_query() expects parameter 1 to be mysqli, boolean given 
[2018-11-05 20:21:30] - (/opt/lampp/htdocs/pump_master/sync_check.php, 315) - mysqli_query() expects parameter 1 to be mysqli, boolean given 
[2018-11-05 20:21:30] - (/opt/lampp/htdocs/pump_master/sync_check.php, 316) - mysqli_fetch_assoc() expects parameter 1 to be mysqli_result, null given 
[2018-11-05 20:21:30] - (/opt/lampp/htdocs/pump_master/sync_check.php, 321) - mysqli_query() expects parameter 1 to be mysqli, boolean given 
[2018-11-05 20:21:30] - (/opt/lampp/htdocs/pump_master/sync_check.php, 79) - mysqli_query() expects parameter 1 to be mysqli, boolean given 
[2018-11-05 20:21:30] - (/opt/lampp/htdocs/pump_master/sync_check.php, 80) - mysqli_fetch_assoc() expects parameter 1 to be mysqli_result, null given 
[2018-11-05 20:21:30] - (/opt/lampp/htdocs/pump_master/sync_check.php, 182) - mysqli_query() expects parameter 1 to be mysqli, boolean given 
[2018-11-05 20:21:30] - (/opt/lampp/htdocs/pump_master/sync_check.php, 185) - mysqli_query() expects parameter 1 to be mysqli, boolean given 
[2018-11-05 20:21:30] - (/opt/lampp/htdocs/pump_master/sync_check.php, 79) - mysqli_query() expects parameter 1 to be mysqli, boolean given 
[2018-11-05 20:21:30] - (/opt/lampp/htdocs/pump_master/sync_check.php, 80) - mysqli_fetch_assoc() expects parameter 1 to be mysqli_result, null given 
[2018-11-05 20:21:30] - (/opt/lampp/htdocs/pump_master/sync_check.php, 94) - mysqli_query() expects parameter 1 to be mysqli, boolean given 
[2018-11-05 20:21:30] - (/opt/lampp/htdocs/pump_master/sync_check.php, 336) - mysqli_query() expects parameter 1 to be mysqli, boolean given 
[2018-11-05 20:21:30] - (/opt/lampp/htdocs/pump_master/sync_check.php, 338) - mysqli_num_rows() expects parameter 1 to be mysqli_result, null given 
[2018-11-05 20:21:30] - (/opt/lampp/htdocs/pump_master/sync_check.php, 395) - mysqli_query() expects parameter 1 to be mysqli, boolean given 
[2018-11-05 20:21:30] - (/opt/lampp/htdocs/pump_master/sync_check.php, 396) - mysqli_num_rows() expects parameter 1 to be mysqli_result, null given 
[2018-11-05 20:21:34] - (/opt/lampp/htdocs/pump_master/sync_check.php, 79) - mysqli_query() expects parameter 1 to be mysqli, boolean given 
[2018-11-05 20:21:34] - (/opt/lampp/htdocs/pump_master/sync_check.php, 80) - mysqli_fetch_assoc() expects parameter 1 to be mysqli_result, null given 
[2018-11-05 20:21:34] - (/opt/lampp/htdocs/pump_master/sync_check.php, 288) - mysqli_query() expects parameter 1 to be mysqli, boolean given 
[2018-11-05 20:21:34] - (/opt/lampp/htdocs/pump_master/sync_check.php, 315) - mysqli_query() expects parameter 1 to be mysqli, boolean given 
[2018-11-05 20:21:34] - (/opt/lampp/htdocs/pump_master/sync_check.php, 316) - mysqli_fetch_assoc() expects parameter 1 to be mysqli_result, null given 
[2018-11-05 20:21:34] - (/opt/lampp/htdocs/pump_master/sync_check.php, 321) - mysqli_query() expects parameter 1 to be mysqli, boolean given 
[2018-11-05 20:21:34] - (/opt/lampp/htdocs/pump_master/sync_check.php, 79) - mysqli_query() expects parameter 1 to be mysqli, boolean given 
[2018-11-05 20:21:34] - (/opt/lampp/htdocs/pump_master/sync_check.php, 80) - mysqli_fetch_assoc() expects parameter 1 to be mysqli_result, null given 
[2018-11-05 20:21:36] - (/opt/lampp/htdocs/pump_master/sync_check.php, 288) - mysqli_query() expects parameter 1 to be mysqli, boolean given 
[2018-11-05 20:21:36] - (/opt/lampp/htdocs/pump_master/sync_check.php, 315) - mysqli_query() expects parameter 1 to be mysqli, boolean given 
[2018-11-05 20:21:36] - (/opt/lampp/htdocs/pump_master/sync_check.php, 316) - mysqli_fetch_assoc() expects parameter 1 to be mysqli_result, null given 
[2018-11-05 20:21:36] - (/opt/lampp/htdocs/pump_master/sync_check.php, 321) - mysqli_query() expects parameter 1 to be mysqli, boolean given 
[2018-11-05 20:21:36] - (/opt/lampp/htdocs/pump_master/sync_check.php, 79) - mysqli_query() expects parameter 1 to be mysqli, boolean given 
[2018-11-05 20:21:36] - (/opt/lampp/htdocs/pump_master/sync_check.php, 80) - mysqli_fetch_assoc() expects parameter 1 to be mysqli_result, null given 
[2018-11-05 20:21:36] - (/opt/lampp/htdocs/pump_master/sync_check.php, 288) - mysqli_query() expects parameter 1 to be mysqli, boolean given 
[2018-11-05 20:21:36] - (/opt/lampp/htdocs/pump_master/sync_check.php, 315) - mysqli_query() expects parameter 1 to be mysqli, boolean given 
[2018-11-05 20:21:36] - (/opt/lampp/htdocs/pump_master/sync_check.php, 316) - mysqli_fetch_assoc() expects parameter 1 to be mysqli_result, null given 
[2018-11-05 20:21:36] - (/opt/lampp/htdocs/pump_master/sync_check.php, 321) - mysqli_query() expects parameter 1 to be mysqli, boolean given 
[2018-11-05 20:21:36] - (/opt/lampp/htdocs/pump_master/sync_check.php, 79) - mysqli_query() expects parameter 1 to be mysqli, boolean given 
[2018-11-05 20:21:36] - (/opt/lampp/htdocs/pump_master/sync_check.php, 80) - mysqli_fetch_assoc() expects parameter 1 to be mysqli_result, null given 
[2018-11-05 20:21:37] - (/opt/lampp/htdocs/pump_master/sync_check.php, 182) - mysqli_query() expects parameter 1 to be mysqli, boolean given 
[2018-11-05 20:21:37] - (/opt/lampp/htdocs/pump_master/sync_check.php, 185) - mysqli_query() expects parameter 1 to be mysqli, boolean given 
[2018-11-05 20:21:37] - (/opt/lampp/htdocs/pump_master/sync_check.php, 79) - mysqli_query() expects parameter 1 to be mysqli, boolean given 
[2018-11-05 20:21:37] - (/opt/lampp/htdocs/pump_master/sync_check.php, 80) - mysqli_fetch_assoc() expects parameter 1 to be mysqli_result, null given 
[2018-11-05 20:21:37] - (/opt/lampp/htdocs/pump_master/sync_check.php, 94) - mysqli_query() expects parameter 1 to be mysqli, boolean given 
[2018-11-05 20:21:37] - (/opt/lampp/htdocs/pump_master/sync_check.php, 336) - mysqli_query() expects parameter 1 to be mysqli, boolean given 
[2018-11-05 20:21:37] - (/opt/lampp/htdocs/pump_master/sync_check.php, 338) - mysqli_num_rows() expects parameter 1 to be mysqli_result, null given 
[2018-11-05 20:21:37] - (/opt/lampp/htdocs/pump_master/sync_check.php, 395) - mysqli_query() expects parameter 1 to be mysqli, boolean given 
[2018-11-05 20:21:37] - (/opt/lampp/htdocs/pump_master/sync_check.php, 396) - mysqli_num_rows() expects parameter 1 to be mysqli_result, null given 
[2018-11-05 20:56:51] - (/opt/lampp/htdocs/pump_master/sync_check.php, 79) - mysqli_query() expects parameter 1 to be mysqli, boolean given 
[2018-11-05 20:56:51] - (/opt/lampp/htdocs/pump_master/sync_check.php, 80) - mysqli_fetch_assoc() expects parameter 1 to be mysqli_result, null given 
[2018-11-05 20:56:51] - (/opt/lampp/htdocs/pump_master/sync_check.php, 288) - mysqli_query() expects parameter 1 to be mysqli, boolean given 
[2018-11-05 20:56:52] - (/opt/lampp/htdocs/pump_master/sync_check.php, 315) - mysqli_query() expects parameter 1 to be mysqli, boolean given 
[2018-11-05 20:56:52] - (/opt/lampp/htdocs/pump_master/sync_check.php, 316) - mysqli_fetch_assoc() expects parameter 1 to be mysqli_result, null given 
[2018-11-05 20:56:52] - (/opt/lampp/htdocs/pump_master/sync_check.php, 321) - mysqli_query() expects parameter 1 to be mysqli, boolean given 
[2018-11-05 20:56:52] - (/opt/lampp/htdocs/pump_master/sync_check.php, 79) - mysqli_query() expects parameter 1 to be mysqli, boolean given 
[2018-11-05 20:56:52] - (/opt/lampp/htdocs/pump_master/sync_check.php, 80) - mysqli_fetch_assoc() expects parameter 1 to be mysqli_result, null given 
[2018-11-05 20:56:53] - (/opt/lampp/htdocs/pump_master/sync_check.php, 288) - mysqli_query() expects parameter 1 to be mysqli, boolean given 
[2018-11-05 20:56:54] - (/opt/lampp/htdocs/pump_master/sync_check.php, 315) - mysqli_query() expects parameter 1 to be mysqli, boolean given 
[2018-11-05 20:56:54] - (/opt/lampp/htdocs/pump_master/sync_check.php, 316) - mysqli_fetch_assoc() expects parameter 1 to be mysqli_result, null given 
[2018-11-05 20:56:54] - (/opt/lampp/htdocs/pump_master/sync_check.php, 321) - mysqli_query() expects parameter 1 to be mysqli, boolean given 
[2018-11-05 20:56:54] - (/opt/lampp/htdocs/pump_master/sync_check.php, 79) - mysqli_query() expects parameter 1 to be mysqli, boolean given 
[2018-11-05 20:56:54] - (/opt/lampp/htdocs/pump_master/sync_check.php, 80) - mysqli_fetch_assoc() expects parameter 1 to be mysqli_result, null given 
[2018-11-05 20:56:54] - (/opt/lampp/htdocs/pump_master/sync_check.php, 288) - mysqli_query() expects parameter 1 to be mysqli, boolean given 
[2018-11-05 20:56:55] - (/opt/lampp/htdocs/pump_master/sync_check.php, 315) - mysqli_query() expects parameter 1 to be mysqli, boolean given 
[2018-11-05 20:56:55] - (/opt/lampp/htdocs/pump_master/sync_check.php, 316) - mysqli_fetch_assoc() expects parameter 1 to be mysqli_result, null given 
[2018-11-05 20:56:55] - (/opt/lampp/htdocs/pump_master/sync_check.php, 321) - mysqli_query() expects parameter 1 to be mysqli, boolean given 
[2018-11-05 20:56:55] - (/opt/lampp/htdocs/pump_master/sync_check.php, 79) - mysqli_query() expects parameter 1 to be mysqli, boolean given 
[2018-11-05 20:56:55] - (/opt/lampp/htdocs/pump_master/sync_check.php, 80) - mysqli_fetch_assoc() expects parameter 1 to be mysqli_result, null given 
[2018-11-05 20:56:55] - (/opt/lampp/htdocs/pump_master/sync_check.php, 182) - mysqli_query() expects parameter 1 to be mysqli, boolean given 
[2018-11-05 20:56:55] - (/opt/lampp/htdocs/pump_master/sync_check.php, 185) - mysqli_query() expects parameter 1 to be mysqli, boolean given 
[2018-11-05 20:56:55] - (/opt/lampp/htdocs/pump_master/sync_check.php, 79) - mysqli_query() expects parameter 1 to be mysqli, boolean given 
[2018-11-05 20:56:55] - (/opt/lampp/htdocs/pump_master/sync_check.php, 80) - mysqli_fetch_assoc() expects parameter 1 to be mysqli_result, null given 
[2018-11-05 20:56:55] - (/opt/lampp/htdocs/pump_master/sync_check.php, 94) - mysqli_query() expects parameter 1 to be mysqli, boolean given 
[2018-11-05 20:56:55] - (/opt/lampp/htdocs/pump_master/sync_check.php, 336) - mysqli_query() expects parameter 1 to be mysqli, boolean given 
[2018-11-05 20:56:55] - (/opt/lampp/htdocs/pump_master/sync_check.php, 338) - mysqli_num_rows() expects parameter 1 to be mysqli_result, null given 
[2018-11-05 20:56:55] - (/opt/lampp/htdocs/pump_master/sync_check.php, 395) - mysqli_query() expects parameter 1 to be mysqli, boolean given 
[2018-11-05 20:56:55] - (/opt/lampp/htdocs/pump_master/sync_check.php, 396) - mysqli_num_rows() expects parameter 1 to be mysqli_result, null given 
[2018-11-06 03:47:31] - (/opt/lampp/htdocs/pump_master/sync_check.php, 59) - response503 
[2018-11-06 03:47:31] - (/opt/lampp/htdocs/pump_master/sync_check.php, 70) - Invalid argument supplied for foreach() 
[2018-11-06 15:29:48] - (/opt/lampp/htdocs/pump_master/sync_check.php, 59) - response0 
